c:\users\notch jay-z\documents\game\debug\main.obj
c:\users\notch jay-z\documents\game\debug\tetris.obj
c:\users\notch jay-z\documents\game\debug\widget.obj
c:\users\notch jay-z\documents\game\debug\moc_tetris.obj
c:\users\notch jay-z\documents\game\debug\moc_widget.obj
c:\users\notch jay-z\documents\game\debug\vc142.pdb
c:\users\notch jay-z\documents\game\debug\tetrisblock.obj
c:\users\notch jay-z\documents\game\debug\moc_predefs.h
c:\users\notch jay-z\documents\game\ui_tetris.h
c:\users\notch jay-z\documents\game\ui_widget.h
c:\users\notch jay-z\documents\game\debug\moc_tetris.cpp
c:\users\notch jay-z\documents\game\debug\moc_widget.cpp
c:\users\notch jay-z\documents\game\debug\game.exe
c:\users\notch jay-z\documents\game\debug\game.ilk
c:\users\notch jay-z\documents\game\debug\game.pdb
c:\users\notch jay-z\documents\game\debug\game.tlog\cl.command.1.tlog
c:\users\notch jay-z\documents\game\debug\game.tlog\cl.read.1.tlog
c:\users\notch jay-z\documents\game\debug\game.tlog\cl.write.1.tlog
c:\users\notch jay-z\documents\game\debug\game.tlog\custombuild.command.1.tlog
c:\users\notch jay-z\documents\game\debug\game.tlog\custombuild.read.1.tlog
c:\users\notch jay-z\documents\game\debug\game.tlog\custombuild.write.1.tlog
c:\users\notch jay-z\documents\game\debug\game.tlog\game.write.1u.tlog
c:\users\notch jay-z\documents\game\debug\game.tlog\link.command.1.tlog
c:\users\notch jay-z\documents\game\debug\game.tlog\link.read.1.tlog
c:\users\notch jay-z\documents\game\debug\game.tlog\link.write.1.tlog
c:\users\notch jay-z\documents\game\debug\game.tlog\moc.read.1u.tlog
c:\users\notch jay-z\documents\game\debug\game.tlog\moc.write.1u.tlog
c:\users\notch jay-z\documents\game\debug\game.tlog\uic.read.1u.tlog
c:\users\notch jay-z\documents\game\debug\game.tlog\uic.write.1u.tlog
